This file contains any messages produced by compilers while
running configure, to aid debugging if configure makes a mistake.

It was created by photoprint configure 0.4.0, which was
generated by GNU Autoconf 2.61.  Invocation command line was

  $ ./configure 

## --------- ##
## Platform. ##
## --------- ##

hostname = amr-desktop
uname -m = x86_64
uname -r = 2.6.24-19-generic
uname -s = Linux
uname -v = #1 SMP Wed Aug 20 17:53:40 UTC 2008

/usr/bin/uname -p = unknown
/bin/uname -X     = unknown

/bin/arch              = unknown
/usr/bin/arch -k       = unknown
/usr/convex/getsysinfo = unknown
/usr/bin/hostinfo      = unknown
/bin/machine           = unknown
/usr/bin/oslevel       = unknown
/bin/universe          = unknown

PATH: /usr/local/sbin
PATH: /usr/local/bin
PATH: /usr/sbin
PATH: /usr/bin
PATH: /sbin
PATH: /bin
PATH: /usr/games


## ----------- ##
## Core tests. ##
## ----------- ##

configure:2059: checking for a BSD-compatible install
configure:2115: result: /usr/bin/install -c
configure:2126: checking whether build environment is sane
configure:2169: result: yes
configure:2197: checking for a thread-safe mkdir -p
configure:2236: result: /bin/mkdir -p
configure:2249: checking for gawk
configure:2279: result: no
configure:2249: checking for mawk
configure:2265: found /usr/bin/mawk
configure:2276: result: mawk
configure:2287: checking whether make sets $(MAKE)
configure:2308: result: yes
configure:2499: checking whether NLS is requested
configure:2508: result: yes
configure:2549: checking for msgfmt
configure: trying /usr/bin/msgfmt...
0 translated messages.
configure:2581: result: /usr/bin/msgfmt
configure:2590: checking for gmsgfmt
configure:2621: result: /usr/bin/msgfmt
configure:2672: checking for xgettext
configure: trying /usr/bin/xgettext...
/usr/bin/xgettext: warning: file `/dev/null' extension `' is unknown; will try C
configure:2704: result: /usr/bin/xgettext
configure:2750: checking for msgmerge
configure: trying /usr/bin/msgmerge...
configure:2781: result: /usr/bin/msgmerge
configure:2826: checking for style of include used by make
configure:2854: result: GNU
configure:2924: checking for gcc
configure:2940: found /usr/bin/gcc
configure:2951: result: gcc
configure:3189: checking for C compiler version
configure:3196: gcc --version >&5
gcc (GCC) 4.2.3 (Ubuntu 4.2.3-2ubuntu7)
Copyright (C) 2007 Free Software Foundation, Inc.
This is free software; see the source for copying conditions.  There is NO
warranty; not even for MERCHANTABILITY or FITNESS FOR A PARTICULAR PURPOSE.

configure:3199: $? = 0
configure:3206: gcc -v >&5
Using built-in specs.
Target: x86_64-linux-gnu
Configured with: ../src/configure -v --enable-languages=c,c++,fortran,objc,obj-c++,treelang --prefix=/usr --enable-shared --with-system-zlib --libexecdir=/usr/lib --without-included-gettext --enable-threads=posix --enable-nls --with-gxx-include-dir=/usr/include/c++/4.2 --program-suffix=-4.2 --enable-clocale=gnu --enable-libstdcxx-debug --enable-objc-gc --enable-mpfr --enable-checking=release --build=x86_64-linux-gnu --host=x86_64-linux-gnu --target=x86_64-linux-gnu
Thread model: posix
gcc version 4.2.3 (Ubuntu 4.2.3-2ubuntu7)
configure:3209: $? = 0
configure:3216: gcc -V >&5
gcc: '-V' option must have argument
configure:3219: $? = 1
configure:3242: checking for C compiler default output file name
configure:3269: gcc    conftest.c  >&5
configure:3272: $? = 0
configure:3310: result: a.out
configure:3327: checking whether the C compiler works
configure:3337: ./a.out
configure:3340: $? = 0
configure:3357: result: yes
configure:3364: checking whether we are cross compiling
configure:3366: result: no
configure:3369: checking for suffix of executables
configure:3376: gcc -o conftest    conftest.c  >&5
configure:3379: $? = 0
configure:3403: result: 
configure:3409: checking for suffix of object files
configure:3435: gcc -c   conftest.c >&5
configure:3438: $? = 0
configure:3461: result: o
configure:3465: checking whether we are using the GNU C compiler
configure:3494: gcc -c   conftest.c >&5
configure:3500: $? = 0
configure:3517: result: yes
configure:3522: checking whether gcc accepts -g
configure:3552: gcc -c -g  conftest.c >&5
configure:3558: $? = 0
configure:3657: result: yes
configure:3674: checking for gcc option to accept ISO C89
configure:3748: gcc  -c -g -O2  conftest.c >&5
configure:3754: $? = 0
configure:3777: result: none needed
configure:3797: checking dependency style of gcc
configure:3888: result: gcc3
configure:3909: checking build system type
configure:3927: result: x86_64-unknown-linux-gnu
configure:3949: checking host system type
configure:3964: result: x86_64-unknown-linux-gnu
configure:4010: checking for ld used by GCC
configure:4074: result: /usr/bin/ld
configure:4083: checking if the linker (/usr/bin/ld) is GNU ld
configure:4096: result: yes
configure:4103: checking for shared library run path origin
configure:4116: result: done
configure:4618: checking for CFPreferencesCopyAppValue
configure:4646: gcc -o conftest -g -O2   conftest.c  -Wl,-framework -Wl,CoreFoundation >&5
conftest.c:10:42: error: CoreFoundation/CFPreferences.h: No such file or directory
conftest.c: In function 'main':
conftest.c:14: error: 'NULL' undeclared (first use in this function)
conftest.c:14: error: (Each undeclared identifier is reported only once
conftest.c:14: error: for each function it appears in.)
configure:4652: $? = 1
configure: failed program was:
| /* confdefs.h.  */
| #define PACKAGE_NAME "photoprint"
| #define PACKAGE_TARNAME "photoprint"
| #define PACKAGE_VERSION "0.4.0"
| #define PACKAGE_STRING "photoprint 0.4.0"
| #define PACKAGE_BUGREPORT "blackfive@fakenhamweb.co.uk"
| #define PACKAGE "photoprint"
| #define VERSION "0.4.0"
| /* end confdefs.h.  */
| #include <CoreFoundation/CFPreferences.h>
| int
| main ()
| {
| CFPreferencesCopyAppValue(NULL, NULL)
|   ;
|   return 0;
| }
configure:4670: result: no
configure:4679: checking for CFLocaleCopyCurrent
configure:4707: gcc -o conftest -g -O2   conftest.c  -Wl,-framework -Wl,CoreFoundation >&5
conftest.c:10:37: error: CoreFoundation/CFLocale.h: No such file or directory
configure:4713: $? = 1
configure: failed program was:
| /* confdefs.h.  */
| #define PACKAGE_NAME "photoprint"
| #define PACKAGE_TARNAME "photoprint"
| #define PACKAGE_VERSION "0.4.0"
| #define PACKAGE_STRING "photoprint 0.4.0"
| #define PACKAGE_BUGREPORT "blackfive@fakenhamweb.co.uk"
| #define PACKAGE "photoprint"
| #define VERSION "0.4.0"
| /* end confdefs.h.  */
| #include <CoreFoundation/CFLocale.h>
| int
| main ()
| {
| CFLocaleCopyCurrent();
|   ;
|   return 0;
| }
configure:4731: result: no
configure:4782: checking for GNU gettext in libc
configure:4812: gcc -o conftest -g -O2   conftest.c  >&5
configure:4818: $? = 0
configure:4836: result: yes
configure:5720: checking whether to use NLS
configure:5722: result: yes
configure:5725: checking where the gettext function comes from
configure:5736: result: libc
configure:5871: checking for a sed that does not truncate output
configure:5927: result: /bin/sed
configure:5930: checking for grep that handles long lines and -e
configure:6004: result: /bin/grep
configure:6009: checking for egrep
configure:6087: result: /bin/grep -E
configure:6103: checking for ld used by gcc
configure:6170: result: /usr/bin/ld
configure:6179: checking if the linker (/usr/bin/ld) is GNU ld
configure:6194: result: yes
configure:6199: checking for /usr/bin/ld option to reload object files
configure:6206: result: -r
configure:6224: checking for BSD-compatible nm
configure:6273: result: /usr/bin/nm -B
configure:6277: checking whether ln -s works
configure:6281: result: yes
configure:6288: checking how to recognize dependent libraries
configure:6474: result: pass_all
configure:6562: gcc -c -g -O2  conftest.c >&5
configure:6565: $? = 0
configure:6718: checking how to run the C preprocessor
configure:6758: gcc -E  conftest.c
configure:6764: $? = 0
configure:6795: gcc -E  conftest.c
conftest.c:13:28: error: ac_nonexistent.h: No such file or directory
configure:6801: $? = 1
configure: failed program was:
| /* confdefs.h.  */
| #define PACKAGE_NAME "photoprint"
| #define PACKAGE_TARNAME "photoprint"
| #define PACKAGE_VERSION "0.4.0"
| #define PACKAGE_STRING "photoprint 0.4.0"
| #define PACKAGE_BUGREPORT "blackfive@fakenhamweb.co.uk"
| #define PACKAGE "photoprint"
| #define VERSION "0.4.0"
| #define ENABLE_NLS 1
| #define HAVE_GETTEXT 1
| #define HAVE_DCGETTEXT 1
| /* end confdefs.h.  */
| #include <ac_nonexistent.h>
configure:6834: result: gcc -E
configure:6863: gcc -E  conftest.c
configure:6869: $? = 0
configure:6900: gcc -E  conftest.c
conftest.c:13:28: error: ac_nonexistent.h: No such file or directory
configure:6906: $? = 1
configure: failed program was:
| /* confdefs.h.  */
| #define PACKAGE_NAME "photoprint"
| #define PACKAGE_TARNAME "photoprint"
| #define PACKAGE_VERSION "0.4.0"
| #define PACKAGE_STRING "photoprint 0.4.0"
| #define PACKAGE_BUGREPORT "blackfive@fakenhamweb.co.uk"
| #define PACKAGE "photoprint"
| #define VERSION "0.4.0"
| #define ENABLE_NLS 1
| #define HAVE_GETTEXT 1
| #define HAVE_DCGETTEXT 1
| /* end confdefs.h.  */
| #include <ac_nonexistent.h>
configure:6944: checking for ANSI C header files
configure:6974: gcc -c -g -O2  conftest.c >&5
configure:6980: $? = 0
configure:7079: gcc -o conftest -g -O2   conftest.c  >&5
configure:7082: $? = 0
configure:7088: ./conftest
configure:7091: $? = 0
configure:7108: result: yes
configure:7132: checking for sys/types.h
configure:7153: gcc -c -g -O2  conftest.c >&5
configure:7159: $? = 0
configure:7175: result: yes
configure:7132: checking for sys/stat.h
configure:7153: gcc -c -g -O2  conftest.c >&5
configure:7159: $? = 0
configure:7175: result: yes
configure:7132: checking for stdlib.h
configure:7153: gcc -c -g -O2  conftest.c >&5
configure:7159: $? = 0
configure:7175: result: yes
configure:7132: checking for string.h
configure:7153: gcc -c -g -O2  conftest.c >&5
configure:7159: $? = 0
configure:7175: result: yes
configure:7132: checking for memory.h
configure:7153: gcc -c -g -O2  conftest.c >&5
configure:7159: $? = 0
configure:7175: result: yes
configure:7132: checking for strings.h
configure:7153: gcc -c -g -O2  conftest.c >&5
configure:7159: $? = 0
configure:7175: result: yes
configure:7132: checking for inttypes.h
configure:7153: gcc -c -g -O2  conftest.c >&5
configure:7159: $? = 0
configure:7175: result: yes
configure:7132: checking for stdint.h
configure:7153: gcc -c -g -O2  conftest.c >&5
configure:7159: $? = 0
configure:7175: result: yes
configure:7132: checking for unistd.h
configure:7153: gcc -c -g -O2  conftest.c >&5
configure:7159: $? = 0
configure:7175: result: yes
configure:7202: checking dlfcn.h usability
configure:7219: gcc -c -g -O2  conftest.c >&5
configure:7225: $? = 0
configure:7239: result: yes
configure:7243: checking dlfcn.h presence
configure:7258: gcc -E  conftest.c
configure:7264: $? = 0
configure:7278: result: yes
configure:7311: checking for dlfcn.h
configure:7319: result: yes
configure:7390: checking for g++
configure:7406: found /usr/bin/g++
configure:7417: result: g++
configure:7448: checking for C++ compiler version
configure:7455: g++ --version >&5
g++ (GCC) 4.2.3 (Ubuntu 4.2.3-2ubuntu7)
Copyright (C) 2007 Free Software Foundation, Inc.
This is free software; see the source for copying conditions.  There is NO
warranty; not even for MERCHANTABILITY or FITNESS FOR A PARTICULAR PURPOSE.

configure:7458: $? = 0
configure:7465: g++ -v >&5
Using built-in specs.
Target: x86_64-linux-gnu
Configured with: ../src/configure -v --enable-languages=c,c++,fortran,objc,obj-c++,treelang --prefix=/usr --enable-shared --with-system-zlib --libexecdir=/usr/lib --without-included-gettext --enable-threads=posix --enable-nls --with-gxx-include-dir=/usr/include/c++/4.2 --program-suffix=-4.2 --enable-clocale=gnu --enable-libstdcxx-debug --enable-objc-gc --enable-mpfr --enable-checking=release --build=x86_64-linux-gnu --host=x86_64-linux-gnu --target=x86_64-linux-gnu
Thread model: posix
gcc version 4.2.3 (Ubuntu 4.2.3-2ubuntu7)
configure:7468: $? = 0
configure:7475: g++ -V >&5
g++: '-V' option must have argument
configure:7478: $? = 1
configure:7481: checking whether we are using the GNU C++ compiler
configure:7510: g++ -c   conftest.cpp >&5
configure:7516: $? = 0
configure:7533: result: yes
configure:7538: checking whether g++ accepts -g
configure:7568: g++ -c -g  conftest.cpp >&5
configure:7574: $? = 0
configure:7673: result: yes
configure:7698: checking dependency style of g++
configure:7789: result: gcc3
configure:7814: checking how to run the C++ preprocessor
configure:7850: g++ -E  conftest.cpp
configure:7856: $? = 0
configure:7887: g++ -E  conftest.cpp
conftest.cpp:24:28: error: ac_nonexistent.h: No such file or directory
configure:7893: $? = 1
configure: failed program was:
| /* confdefs.h.  */
| #define PACKAGE_NAME "photoprint"
| #define PACKAGE_TARNAME "photoprint"
| #define PACKAGE_VERSION "0.4.0"
| #define PACKAGE_STRING "photoprint 0.4.0"
| #define PACKAGE_BUGREPORT "blackfive@fakenhamweb.co.uk"
| #define PACKAGE "photoprint"
| #define VERSION "0.4.0"
| #define ENABLE_NLS 1
| #define HAVE_GETTEXT 1
| #define HAVE_DCGETTEXT 1
| #define STDC_HEADERS 1
| #define HAVE_SYS_TYPES_H 1
| #define HAVE_SYS_STAT_H 1
| #define HAVE_STDLIB_H 1
| #define HAVE_STRING_H 1
| #define HAVE_MEMORY_H 1
| #define HAVE_STRINGS_H 1
| #define HAVE_INTTYPES_H 1
| #define HAVE_STDINT_H 1
| #define HAVE_UNISTD_H 1
| #define HAVE_DLFCN_H 1
| /* end confdefs.h.  */
| #include <ac_nonexistent.h>
configure:7926: result: g++ -E
configure:7955: g++ -E  conftest.cpp
configure:7961: $? = 0
configure:7992: g++ -E  conftest.cpp
conftest.cpp:24:28: error: ac_nonexistent.h: No such file or directory
configure:7998: $? = 1
configure: failed program was:
| /* confdefs.h.  */
| #define PACKAGE_NAME "photoprint"
| #define PACKAGE_TARNAME "photoprint"
| #define PACKAGE_VERSION "0.4.0"
| #define PACKAGE_STRING "photoprint 0.4.0"
| #define PACKAGE_BUGREPORT "blackfive@fakenhamweb.co.uk"
| #define PACKAGE "photoprint"
| #define VERSION "0.4.0"
| #define ENABLE_NLS 1
| #define HAVE_GETTEXT 1
| #define HAVE_DCGETTEXT 1
| #define STDC_HEADERS 1
| #define HAVE_SYS_TYPES_H 1
| #define HAVE_SYS_STAT_H 1
| #define HAVE_STDLIB_H 1
| #define HAVE_STRING_H 1
| #define HAVE_MEMORY_H 1
| #define HAVE_STRINGS_H 1
| #define HAVE_INTTYPES_H 1
| #define HAVE_STDINT_H 1
| #define HAVE_UNISTD_H 1
| #define HAVE_DLFCN_H 1
| /* end confdefs.h.  */
| #include <ac_nonexistent.h>
configure:8091: checking for g77
configure:8121: result: no
configure:8091: checking for xlf
configure:8121: result: no
configure:8091: checking for f77
configure:8121: result: no
configure:8091: checking for frt
configure:8121: result: no
configure:8091: checking for pgf77
configure:8121: result: no
configure:8091: checking for cf77
configure:8121: result: no
configure:8091: checking for fort77
configure:8121: result: no
configure:8091: checking for fl32
configure:8121: result: no
configure:8091: checking for af77
configure:8121: result: no
configure:8091: checking for xlf90
configure:8121: result: no
configure:8091: checking for f90
configure:8121: result: no
configure:8091: checking for pgf90
configure:8121: result: no
configure:8091: checking for pghpf
configure:8121: result: no
configure:8091: checking for epcf90
configure:8121: result: no
configure:8091: checking for gfortran
configure:8121: result: no
configure:8091: checking for g95
configure:8121: result: no
configure:8091: checking for xlf95
configure:8121: result: no
configure:8091: checking for f95
configure:8121: result: no
configure:8091: checking for fort
configure:8121: result: no
configure:8091: checking for ifort
configure:8121: result: no
configure:8091: checking for ifc
configure:8121: result: no
configure:8091: checking for efc
configure:8121: result: no
configure:8091: checking for pgf95
configure:8121: result: no
configure:8091: checking for lf95
configure:8121: result: no
configure:8091: checking for ftn
configure:8121: result: no
configure:8148: checking for Fortran 77 compiler version
configure:8155:  --version >&5
./configure: line 8156: --version: command not found
configure:8158: $? = 127
configure:8165:  -v >&5
./configure: line 8166: -v: command not found
configure:8168: $? = 127
configure:8175:  -V >&5
./configure: line 8176: -V: command not found
configure:8178: $? = 127
configure:8186: checking whether we are using the GNU Fortran 77 compiler
configure:8205:  -c  conftest.F >&5
./configure: line 8206: -c: command not found
configure:8211: $? = 127
configure: failed program was:
|       program main
| #ifndef __GNUC__
|        choke me
| #endif
| 
|       end
configure:8228: result: no
configure:8234: checking whether  accepts -g
configure:8251:  -c -g conftest.f >&5
./configure: line 8252: -c: command not found
configure:8257: $? = 127
configure: failed program was:
|       program main
| 
|       end
configure:8273: result: no
configure:8302: checking the maximum length of command line arguments
configure:8414: result: 98304
configure:8426: checking command to parse /usr/bin/nm -B output from gcc object
configure:8531: gcc -c -g -O2  conftest.c >&5
configure:8534: $? = 0
configure:8538: /usr/bin/nm -B conftest.o \| sed -n -e 's/^.*[ 	]\([ABCDGIRSTW][ABCDGIRSTW]*\)[ 	][ 	]*\([_A-Za-z][_A-Za-z0-9]*\)$/\1 \2 \2/p' \> conftest.nm
configure:8541: $? = 0
configure:8593: gcc -o conftest -g -O2   conftest.c conftstm.o >&5
configure:8596: $? = 0
configure:8634: result: ok
configure:8638: checking for objdir
configure:8653: result: .libs
configure:8745: checking for ar
configure:8761: found /usr/bin/ar
configure:8772: result: ar
configure:8841: checking for ranlib
configure:8857: found /usr/bin/ranlib
configure:8868: result: ranlib
configure:8937: checking for strip
configure:8953: found /usr/bin/strip
configure:8964: result: strip
configure:9562: checking if gcc supports -fno-rtti -fno-exceptions
configure:9580: gcc -c -g -O2  -fno-rtti -fno-exceptions conftest.c >&5
cc1: warning: command line option "-fno-rtti" is valid for C++/ObjC++ but not for C
configure:9584: $? = 0
configure:9597: result: no
configure:9612: checking for gcc option to produce PIC
configure:9844: result: -fPIC
configure:9852: checking if gcc PIC flag -fPIC works
configure:9870: gcc -c -g -O2  -fPIC -DPIC conftest.c >&5
configure:9874: $? = 0
configure:9887: result: yes
configure:9915: checking if gcc static flag -static works
configure:9943: result: yes
configure:9953: checking if gcc supports -c -o file.o
configure:9974: gcc -c -g -O2  -o out/conftest2.o conftest.c >&5
configure:9978: $? = 0
configure:10000: result: yes
configure:10026: checking whether the gcc linker (/usr/bin/ld -m elf_x86_64) supports shared libraries
configure:11007: result: yes
configure:11028: checking whether -lc should be explicitly linked in
configure:11033: gcc -c -g -O2  conftest.c >&5
configure:11036: $? = 0
configure:11051: gcc -shared conftest.o  -v -Wl,-soname -Wl,conftest -o conftest 2\>\&1 \| grep  -lc  \>/dev/null 2\>\&1
configure:11054: $? = 0
configure:11066: result: no
configure:11074: checking dynamic linker characteristics
configure:11688: result: GNU/Linux ld.so
configure:11712: checking how to hardcode library paths into programs
configure:11737: result: immediate
configure:11751: checking whether stripping libraries is possible
configure:11756: result: yes
configure:12558: checking if libtool supports shared libraries
configure:12560: result: yes
configure:12563: checking whether to build shared libraries
configure:12584: result: yes
configure:12587: checking whether to build static libraries
configure:12591: result: yes
configure:12685: creating libtool
configure:13278: checking for ld used by g++
configure:13345: result: /usr/bin/ld -m elf_x86_64
configure:13354: checking if the linker (/usr/bin/ld -m elf_x86_64) is GNU ld
configure:13369: result: yes
configure:13420: checking whether the g++ linker (/usr/bin/ld -m elf_x86_64) supports shared libraries
configure:14366: result: yes
configure:14383: g++ -c -g -O2  conftest.cpp >&5
configure:14386: $? = 0
configure:14542: checking for g++ option to produce PIC
configure:14826: result: -fPIC
configure:14834: checking if g++ PIC flag -fPIC works
configure:14852: g++ -c -g -O2  -fPIC -DPIC conftest.cpp >&5
configure:14856: $? = 0
configure:14869: result: yes
configure:14897: checking if g++ static flag -static works
configure:14925: result: yes
configure:14935: checking if g++ supports -c -o file.o
configure:14956: g++ -c -g -O2  -o out/conftest2.o conftest.cpp >&5
configure:14960: $? = 0
configure:14982: result: yes
configure:15008: checking whether the g++ linker (/usr/bin/ld -m elf_x86_64) supports shared libraries
configure:15037: result: yes
configure:15104: checking dynamic linker characteristics
configure:15666: result: GNU/Linux ld.so
configure:15690: checking how to hardcode library paths into programs
configure:15715: result: immediate
configure:22078: checking for C++ compiler version
configure:22085: g++ --version >&5
g++ (GCC) 4.2.3 (Ubuntu 4.2.3-2ubuntu7)
Copyright (C) 2007 Free Software Foundation, Inc.
This is free software; see the source for copying conditions.  There is NO
warranty; not even for MERCHANTABILITY or FITNESS FOR A PARTICULAR PURPOSE.

configure:22088: $? = 0
configure:22095: g++ -v >&5
Using built-in specs.
Target: x86_64-linux-gnu
Configured with: ../src/configure -v --enable-languages=c,c++,fortran,objc,obj-c++,treelang --prefix=/usr --enable-shared --with-system-zlib --libexecdir=/usr/lib --without-included-gettext --enable-threads=posix --enable-nls --with-gxx-include-dir=/usr/include/c++/4.2 --program-suffix=-4.2 --enable-clocale=gnu --enable-libstdcxx-debug --enable-objc-gc --enable-mpfr --enable-checking=release --build=x86_64-linux-gnu --host=x86_64-linux-gnu --target=x86_64-linux-gnu
Thread model: posix
gcc version 4.2.3 (Ubuntu 4.2.3-2ubuntu7)
configure:22098: $? = 0
configure:22105: g++ -V >&5
g++: '-V' option must have argument
configure:22108: $? = 1
configure:22111: checking whether we are using the GNU C++ compiler
configure:22163: result: yes
configure:22168: checking whether g++ accepts -g
configure:22303: result: yes
configure:22328: checking dependency style of g++
configure:22419: result: gcc3
configure:22482: checking for gcc
configure:22509: result: gcc
configure:22747: checking for C compiler version
configure:22754: gcc --version >&5
gcc (GCC) 4.2.3 (Ubuntu 4.2.3-2ubuntu7)
Copyright (C) 2007 Free Software Foundation, Inc.
This is free software; see the source for copying conditions.  There is NO
warranty; not even for MERCHANTABILITY or FITNESS FOR A PARTICULAR PURPOSE.

configure:22757: $? = 0
configure:22764: gcc -v >&5
Using built-in specs.
Target: x86_64-linux-gnu
Configured with: ../src/configure -v --enable-languages=c,c++,fortran,objc,obj-c++,treelang --prefix=/usr --enable-shared --with-system-zlib --libexecdir=/usr/lib --without-included-gettext --enable-threads=posix --enable-nls --with-gxx-include-dir=/usr/include/c++/4.2 --program-suffix=-4.2 --enable-clocale=gnu --enable-libstdcxx-debug --enable-objc-gc --enable-mpfr --enable-checking=release --build=x86_64-linux-gnu --host=x86_64-linux-gnu --target=x86_64-linux-gnu
Thread model: posix
gcc version 4.2.3 (Ubuntu 4.2.3-2ubuntu7)
configure:22767: $? = 0
configure:22774: gcc -V >&5
gcc: '-V' option must have argument
configure:22777: $? = 1
configure:22780: checking whether we are using the GNU C compiler
configure:22832: result: yes
configure:22837: checking whether gcc accepts -g
configure:22972: result: yes
configure:22989: checking for gcc option to accept ISO C89
configure:23092: result: none needed
configure:23112: checking dependency style of gcc
configure:23203: result: gcc3
configure:23218: checking whether make sets $(MAKE)
configure:23239: result: yes
configure:23253: checking how to run the C preprocessor
configure:23369: result: gcc -E
configure:23398: gcc -E  conftest.c
configure:23404: $? = 0
configure:23435: gcc -E  conftest.c
conftest.c:24:28: error: ac_nonexistent.h: No such file or directory
configure:23441: $? = 1
configure: failed program was:
| /* confdefs.h.  */
| #define PACKAGE_NAME "photoprint"
| #define PACKAGE_TARNAME "photoprint"
| #define PACKAGE_VERSION "0.4.0"
| #define PACKAGE_STRING "photoprint 0.4.0"
| #define PACKAGE_BUGREPORT "blackfive@fakenhamweb.co.uk"
| #define PACKAGE "photoprint"
| #define VERSION "0.4.0"
| #define ENABLE_NLS 1
| #define HAVE_GETTEXT 1
| #define HAVE_DCGETTEXT 1
| #define STDC_HEADERS 1
| #define HAVE_SYS_TYPES_H 1
| #define HAVE_SYS_STAT_H 1
| #define HAVE_STDLIB_H 1
| #define HAVE_STRING_H 1
| #define HAVE_MEMORY_H 1
| #define HAVE_STRINGS_H 1
| #define HAVE_INTTYPES_H 1
| #define HAVE_STDINT_H 1
| #define HAVE_UNISTD_H 1
| #define HAVE_DLFCN_H 1
| /* end confdefs.h.  */
| #include <ac_nonexistent.h>
configure:23534: checking for pkg-config
configure:23552: found /usr/bin/pkg-config
configure:23564: result: /usr/bin/pkg-config
configure:23593: checking pkg-config is at least version 0.9.0
configure:23596: result: yes
configure:23607: checking for GLIB2
configure:23615: $PKG_CONFIG --exists --print-errors "glib-2.0"
configure:23618: $? = 0
configure:23633: $PKG_CONFIG --exists --print-errors "glib-2.0"
configure:23636: $? = 0
configure:23712: result: yes
configure:23718: checking for GTHREAD
configure:23726: $PKG_CONFIG --exists --print-errors "gthread-2.0"
configure:23729: $? = 0
configure:23744: $PKG_CONFIG --exists --print-errors "gthread-2.0"
configure:23747: $? = 0
configure:23823: result: yes
configure:23829: checking for GTK2
configure:23837: $PKG_CONFIG --exists --print-errors "gtk+-2.0 >= 2.10.0"
configure:23840: $? = 0
configure:23855: $PKG_CONFIG --exists --print-errors "gtk+-2.0 >= 2.10.0"
configure:23858: $? = 0
configure:23894: result: yes
configure:23901: checking for GTK2
configure:24006: result: yes
configure:24012: checking for GDKPIXBUF2
configure:24020: $PKG_CONFIG --exists --print-errors "gdk-pixbuf-2.0"
configure:24023: $? = 0
configure:24038: $PKG_CONFIG --exists --print-errors "gdk-pixbuf-2.0"
configure:24041: $? = 0
configure:24117: result: yes
configure:24123: checking for GP
configure:24131: $PKG_CONFIG --exists --print-errors "gutenprint"
configure:24134: $? = 0
configure:24149: $PKG_CONFIG --exists --print-errors "gutenprint"
configure:24152: $? = 0
configure:24228: result: yes
configure:24234: checking for LCMS
configure:24242: $PKG_CONFIG --exists --print-errors "lcms"
configure:24245: $? = 0
configure:24260: $PKG_CONFIG --exists --print-errors "lcms"
configure:24263: $? = 0
configure:24339: result: yes
configure:24343: checking for pow in -lm
configure:24378: gcc -o conftest -g -O2   conftest.c -lm   >&5
conftest.c:31: warning: conflicting types for built-in function 'pow'
configure:24384: $? = 0
configure:24402: result: yes
configure:24410: checking for pnm_readpaminit in -lpnm
configure:24445: gcc -o conftest -g -O2   conftest.c -lpnm -lm  >&5
/usr/bin/ld: cannot find -lpnm
collect2: ld returned 1 exit status
configure:24451: $? = 1
configure: failed program was:
| /* confdefs.h.  */
| #define PACKAGE_NAME "photoprint"
| #define PACKAGE_TARNAME "photoprint"
| #define PACKAGE_VERSION "0.4.0"
| #define PACKAGE_STRING "photoprint 0.4.0"
| #define PACKAGE_BUGREPORT "blackfive@fakenhamweb.co.uk"
| #define PACKAGE "photoprint"
| #define VERSION "0.4.0"
| #define ENABLE_NLS 1
| #define HAVE_GETTEXT 1
| #define HAVE_DCGETTEXT 1
| #define STDC_HEADERS 1
| #define HAVE_SYS_TYPES_H 1
| #define HAVE_SYS_STAT_H 1
| #define HAVE_STDLIB_H 1
| #define HAVE_STRING_H 1
| #define HAVE_MEMORY_H 1
| #define HAVE_STRINGS_H 1
| #define HAVE_INTTYPES_H 1
| #define HAVE_STDINT_H 1
| #define HAVE_UNISTD_H 1
| #define HAVE_DLFCN_H 1
| /* end confdefs.h.  */
| 
| /* Override any GCC internal prototype to avoid an error.
|    Use char because int might match the return type of a GCC
|    builtin and then its argument prototype would still apply.  */
| #ifdef __cplusplus
| extern "C"
| #endif
| char pnm_readpaminit ();
| int
| main ()
| {
| return pnm_readpaminit ();
|   ;
|   return 0;
| }
configure:24469: result: no
configure:24481: checking for pnm_readpaminit in -lnetpbm
configure:24516: gcc -o conftest -g -O2   conftest.c -lnetpbm -lm  >&5
/usr/bin/ld: cannot find -lnetpbm
collect2: ld returned 1 exit status
configure:24522: $? = 1
configure: failed program was:
| /* confdefs.h.  */
| #define PACKAGE_NAME "photoprint"
| #define PACKAGE_TARNAME "photoprint"
| #define PACKAGE_VERSION "0.4.0"
| #define PACKAGE_STRING "photoprint 0.4.0"
| #define PACKAGE_BUGREPORT "blackfive@fakenhamweb.co.uk"
| #define PACKAGE "photoprint"
| #define VERSION "0.4.0"
| #define ENABLE_NLS 1
| #define HAVE_GETTEXT 1
| #define HAVE_DCGETTEXT 1
| #define STDC_HEADERS 1
| #define HAVE_SYS_TYPES_H 1
| #define HAVE_SYS_STAT_H 1
| #define HAVE_STDLIB_H 1
| #define HAVE_STRING_H 1
| #define HAVE_MEMORY_H 1
| #define HAVE_STRINGS_H 1
| #define HAVE_INTTYPES_H 1
| #define HAVE_STDINT_H 1
| #define HAVE_UNISTD_H 1
| #define HAVE_DLFCN_H 1
| /* end confdefs.h.  */
| 
| /* Override any GCC internal prototype to avoid an error.
|    Use char because int might match the return type of a GCC
|    builtin and then its argument prototype would still apply.  */
| #ifdef __cplusplus
| extern "C"
| #endif
| char pnm_readpaminit ();
| int
| main ()
| {
| return pnm_readpaminit ();
|   ;
|   return 0;
| }
configure:24540: result: no
configure:24551: checking for TIFFOpen in -ltiff
configure:24586: gcc -o conftest -g -O2   conftest.c -ltiff   >&5
configure:24592: $? = 0
configure:24610: result: yes
configure:24758: checking for jpeg_read_header in -ljpeg
configure:24793: gcc -o conftest -g -O2   conftest.c -ljpeg   >&5
configure:24799: $? = 0
configure:24817: result: yes
configure:24903: checking for pthread_attr_init in -lpthread
configure:24938: gcc -o conftest -g -O2   conftest.c -lpthread  -ljpeg  >&5
configure:24944: $? = 0
configure:24962: result: yes
configure:24974: checking for pthread_attr_init in -lpthreadGC2
configure:25009: gcc -o conftest -g -O2   conftest.c -lpthreadGC2  -lpthread -ljpeg  >&5
/usr/bin/ld: cannot find -lpthreadGC2
collect2: ld returned 1 exit status
configure:25015: $? = 1
configure: failed program was:
| /* confdefs.h.  */
| #define PACKAGE_NAME "photoprint"
| #define PACKAGE_TARNAME "photoprint"
| #define PACKAGE_VERSION "0.4.0"
| #define PACKAGE_STRING "photoprint 0.4.0"
| #define PACKAGE_BUGREPORT "blackfive@fakenhamweb.co.uk"
| #define PACKAGE "photoprint"
| #define VERSION "0.4.0"
| #define ENABLE_NLS 1
| #define HAVE_GETTEXT 1
| #define HAVE_DCGETTEXT 1
| #define STDC_HEADERS 1
| #define HAVE_SYS_TYPES_H 1
| #define HAVE_SYS_STAT_H 1
| #define HAVE_STDLIB_H 1
| #define HAVE_STRING_H 1
| #define HAVE_MEMORY_H 1
| #define HAVE_STRINGS_H 1
| #define HAVE_INTTYPES_H 1
| #define HAVE_STDINT_H 1
| #define HAVE_UNISTD_H 1
| #define HAVE_DLFCN_H 1
| #define HAVE_LIBJPEG 1
| #define HAVE_LIBPTHREAD 1
| /* end confdefs.h.  */
| 
| /* Override any GCC internal prototype to avoid an error.
|    Use char because int might match the return type of a GCC
|    builtin and then its argument prototype would still apply.  */
| #ifdef __cplusplus
| extern "C"
| #endif
| char pthread_attr_init ();
| int
| main ()
| {
| return pthread_attr_init ();
|   ;
|   return 0;
| }
configure:25033: result: no
configure:25045: checking for getopt_long in -lgnugetopt
configure:25080: gcc -o conftest -g -O2   conftest.c -lgnugetopt  -lpthread -ljpeg  >&5
/usr/bin/ld: cannot find -lgnugetopt
collect2: ld returned 1 exit status
configure:25086: $? = 1
configure: failed program was:
| /* confdefs.h.  */
| #define PACKAGE_NAME "photoprint"
| #define PACKAGE_TARNAME "photoprint"
| #define PACKAGE_VERSION "0.4.0"
| #define PACKAGE_STRING "photoprint 0.4.0"
| #define PACKAGE_BUGREPORT "blackfive@fakenhamweb.co.uk"
| #define PACKAGE "photoprint"
| #define VERSION "0.4.0"
| #define ENABLE_NLS 1
| #define HAVE_GETTEXT 1
| #define HAVE_DCGETTEXT 1
| #define STDC_HEADERS 1
| #define HAVE_SYS_TYPES_H 1
| #define HAVE_SYS_STAT_H 1
| #define HAVE_STDLIB_H 1
| #define HAVE_STRING_H 1
| #define HAVE_MEMORY_H 1
| #define HAVE_STRINGS_H 1
| #define HAVE_INTTYPES_H 1
| #define HAVE_STDINT_H 1
| #define HAVE_UNISTD_H 1
| #define HAVE_DLFCN_H 1
| #define HAVE_LIBJPEG 1
| #define HAVE_LIBPTHREAD 1
| /* end confdefs.h.  */
| 
| /* Override any GCC internal prototype to avoid an error.
|    Use char because int might match the return type of a GCC
|    builtin and then its argument prototype would still apply.  */
| #ifdef __cplusplus
| extern "C"
| #endif
| char getopt_long ();
| int
| main ()
| {
| return getopt_long ();
|   ;
|   return 0;
| }
configure:25104: result: no
configure:25112: checking for socket in -lsocket
configure:25147: gcc -o conftest -g -O2   conftest.c -lsocket  -lpthread -ljpeg  >&5
/usr/bin/ld: cannot find -lsocket
collect2: ld returned 1 exit status
configure:25153: $? = 1
configure: failed program was:
| /* confdefs.h.  */
| #define PACKAGE_NAME "photoprint"
| #define PACKAGE_TARNAME "photoprint"
| #define PACKAGE_VERSION "0.4.0"
| #define PACKAGE_STRING "photoprint 0.4.0"
| #define PACKAGE_BUGREPORT "blackfive@fakenhamweb.co.uk"
| #define PACKAGE "photoprint"
| #define VERSION "0.4.0"
| #define ENABLE_NLS 1
| #define HAVE_GETTEXT 1
| #define HAVE_DCGETTEXT 1
| #define STDC_HEADERS 1
| #define HAVE_SYS_TYPES_H 1
| #define HAVE_SYS_STAT_H 1
| #define HAVE_STDLIB_H 1
| #define HAVE_STRING_H 1
| #define HAVE_MEMORY_H 1
| #define HAVE_STRINGS_H 1
| #define HAVE_INTTYPES_H 1
| #define HAVE_STDINT_H 1
| #define HAVE_UNISTD_H 1
| #define HAVE_DLFCN_H 1
| #define HAVE_LIBJPEG 1
| #define HAVE_LIBPTHREAD 1
| /* end confdefs.h.  */
| 
| /* Override any GCC internal prototype to avoid an error.
|    Use char because int might match the return type of a GCC
|    builtin and then its argument prototype would still apply.  */
| #ifdef __cplusplus
| extern "C"
| #endif
| char socket ();
| int
| main ()
| {
| return socket ();
|   ;
|   return 0;
| }
configure:25171: result: no
configure:25181: checking for gethostbyaddr in -lnsl
configure:25216: gcc -o conftest -g -O2   conftest.c -lnsl  -lpthread -ljpeg  >&5
configure:25222: $? = 0
configure:25240: result: yes
configure:25252: checking for httpConnect in -lcups
configure:25287: gcc -o conftest -g -O2   conftest.c -lcups  -lnsl -lpthread -ljpeg  >&5
configure:25293: $? = 0
configure:25311: result: yes
configure:25324: checking for ANSI C header files
configure:25488: result: yes
configure:25516: checking fcntl.h usability
configure:25533: gcc -c -g -O2  conftest.c >&5
configure:25539: $? = 0
configure:25553: result: yes
configure:25557: checking fcntl.h presence
configure:25572: gcc -E  conftest.c
configure:25578: $? = 0
configure:25592: result: yes
configure:25625: checking for fcntl.h
configure:25633: result: yes
configure:25506: checking for stdlib.h
configure:25512: result: yes
configure:25506: checking for string.h
configure:25512: result: yes
configure:25506: checking for unistd.h
configure:25512: result: yes
configure:25649: checking for stdbool.h that conforms to C99
configure:25742: gcc -c -g -O2  conftest.c >&5
configure:25748: $? = 0
configure:25763: result: yes
configure:25765: checking for _Bool
configure:25795: gcc -c -g -O2  conftest.c >&5
configure:25801: $? = 0
configure:25816: result: yes
configure:25835: checking for an ANSI C-conforming const
configure:25910: gcc -c -g -O2  conftest.c >&5
configure:25916: $? = 0
configure:25931: result: yes
configure:25941: checking for size_t
configure:25971: gcc -c -g -O2  conftest.c >&5
configure:25977: $? = 0
configure:25992: result: yes
configure:26011: checking for stdlib.h
configure:26017: result: yes
configure:26151: checking for GNU libc compatible malloc
configure:26185: gcc -o conftest -g -O2   conftest.c -lcups -lnsl -lpthread -ljpeg  >&5
configure:26188: $? = 0
configure:26194: ./conftest
configure:26197: $? = 0
configure:26213: result: yes
configure:26241: checking whether lstat dereferences a symlink specified with a trailing slash
configure:26277: gcc -o conftest -g -O2   conftest.c -lcups -lnsl -lpthread -ljpeg  >&5
configure:26280: $? = 0
configure:26286: ./conftest
configure:26289: $? = 0
configure:26312: result: yes
configure:26331: checking whether stat accepts an empty string
configure:26361: gcc -o conftest -g -O2   conftest.c -lcups -lnsl -lpthread -ljpeg  >&5
configure:26364: $? = 0
configure:26370: ./conftest
configure:26373: $? = 0
configure:26389: result: no
configure:26413: checking for memset
configure:26469: gcc -o conftest -g -O2   conftest.c -lcups -lnsl -lpthread -ljpeg  >&5
conftest.c:60: warning: conflicting types for built-in function 'memset'
configure:26475: $? = 0
configure:26493: result: yes
configure:26413: checking for mkdir
configure:26469: gcc -o conftest -g -O2   conftest.c -lcups -lnsl -lpthread -ljpeg  >&5
configure:26475: $? = 0
configure:26493: result: yes
configure:26413: checking for strcasecmp
configure:26469: gcc -o conftest -g -O2   conftest.c -lcups -lnsl -lpthread -ljpeg  >&5
conftest.c:62: warning: conflicting types for built-in function 'strcasecmp'
configure:26475: $? = 0
configure:26493: result: yes
configure:26413: checking for strdup
configure:26469: gcc -o conftest -g -O2   conftest.c -lcups -lnsl -lpthread -ljpeg  >&5
conftest.c:63: warning: conflicting types for built-in function 'strdup'
configure:26475: $? = 0
configure:26493: result: yes
configure:26413: checking for strncasecmp
configure:26469: gcc -o conftest -g -O2   conftest.c -lcups -lnsl -lpthread -ljpeg  >&5
conftest.c:64: warning: conflicting types for built-in function 'strncasecmp'
configure:26475: $? = 0
configure:26493: result: yes
configure:26642: creating ./config.status

## ---------------------- ##
## Running config.status. ##
## ---------------------- ##

This file was extended by photoprint config.status 0.4.0, which was
generated by GNU Autoconf 2.61.  Invocation command line was

  CONFIG_FILES    = 
  CONFIG_HEADERS  = 
  CONFIG_LINKS    = 
  CONFIG_COMMANDS = 
  $ ./config.status 

on amr-desktop

config.status:716: creating Makefile
config.status:716: creating po/Makefile.in
config.status:716: creating imagesource/Makefile
config.status:716: creating support/Makefile
config.status:716: creating profilemanager/Makefile
config.status:716: creating pixbufthumbnail/Makefile
config.status:716: creating effects/Makefile
config.status:716: creating stpui_widgets/Makefile
config.status:716: creating stp_support/Makefile
config.status:716: creating splashscreen/Makefile
config.status:716: creating config.h
config.status:1011: executing po-directories commands
config.status:1011: executing depfiles commands

## ---------------- ##
## Cache variables. ##
## ---------------- ##

ac_cv_build=x86_64-unknown-linux-gnu
ac_cv_c_compiler_gnu=yes
ac_cv_c_const=yes
ac_cv_cxx_compiler_gnu=yes
ac_cv_env_CCC_set=
ac_cv_env_CCC_value=
ac_cv_env_CC_set=
ac_cv_env_CC_value=
ac_cv_env_CFLAGS_set=
ac_cv_env_CFLAGS_value=
ac_cv_env_CPPFLAGS_set=
ac_cv_env_CPPFLAGS_value=
ac_cv_env_CPP_set=
ac_cv_env_CPP_value=
ac_cv_env_CXXCPP_set=
ac_cv_env_CXXCPP_value=
ac_cv_env_CXXFLAGS_set=
ac_cv_env_CXXFLAGS_value=
ac_cv_env_CXX_set=
ac_cv_env_CXX_value=
ac_cv_env_F77_set=
ac_cv_env_F77_value=
ac_cv_env_FFLAGS_set=
ac_cv_env_FFLAGS_value=
ac_cv_env_GDKPIXBUF2_CFLAGS_set=
ac_cv_env_GDKPIXBUF2_CFLAGS_value=
ac_cv_env_GDKPIXBUF2_LIBS_set=
ac_cv_env_GDKPIXBUF2_LIBS_value=
ac_cv_env_GLIB2_CFLAGS_set=
ac_cv_env_GLIB2_CFLAGS_value=
ac_cv_env_GLIB2_LIBS_set=
ac_cv_env_GLIB2_LIBS_value=
ac_cv_env_GP_CFLAGS_set=
ac_cv_env_GP_CFLAGS_value=
ac_cv_env_GP_LIBS_set=
ac_cv_env_GP_LIBS_value=
ac_cv_env_GTHREAD_CFLAGS_set=
ac_cv_env_GTHREAD_CFLAGS_value=
ac_cv_env_GTHREAD_LIBS_set=
ac_cv_env_GTHREAD_LIBS_value=
ac_cv_env_GTK2_CFLAGS_set=
ac_cv_env_GTK2_CFLAGS_value=
ac_cv_env_GTK2_LIBS_set=
ac_cv_env_GTK2_LIBS_value=
ac_cv_env_LCMS_CFLAGS_set=
ac_cv_env_LCMS_CFLAGS_value=
ac_cv_env_LCMS_LIBS_set=
ac_cv_env_LCMS_LIBS_value=
ac_cv_env_LDFLAGS_set=
ac_cv_env_LDFLAGS_value=
ac_cv_env_LIBS_set=
ac_cv_env_LIBS_value=
ac_cv_env_PKG_CONFIG_set=
ac_cv_env_PKG_CONFIG_value=
ac_cv_env_build_alias_set=
ac_cv_env_build_alias_value=
ac_cv_env_host_alias_set=
ac_cv_env_host_alias_value=
ac_cv_env_target_alias_set=
ac_cv_env_target_alias_value=
ac_cv_f77_compiler_gnu=no
ac_cv_func_lstat_dereferences_slashed_symlink=yes
ac_cv_func_malloc_0_nonnull=yes
ac_cv_func_memset=yes
ac_cv_func_mkdir=yes
ac_cv_func_stat_empty_string_bug=no
ac_cv_func_strcasecmp=yes
ac_cv_func_strdup=yes
ac_cv_func_strncasecmp=yes
ac_cv_header_dlfcn_h=yes
ac_cv_header_fcntl_h=yes
ac_cv_header_inttypes_h=yes
ac_cv_header_memory_h=yes
ac_cv_header_stdbool_h=yes
ac_cv_header_stdc=yes
ac_cv_header_stdint_h=yes
ac_cv_header_stdlib_h=yes
ac_cv_header_string_h=yes
ac_cv_header_strings_h=yes
ac_cv_header_sys_stat_h=yes
ac_cv_header_sys_types_h=yes
ac_cv_header_unistd_h=yes
ac_cv_host=x86_64-unknown-linux-gnu
ac_cv_lib_cups_httpConnect=yes
ac_cv_lib_gnugetopt_getopt_long=no
ac_cv_lib_jpeg_jpeg_read_header=yes
ac_cv_lib_m_pow=yes
ac_cv_lib_netpbm_pnm_readpaminit=no
ac_cv_lib_nsl_gethostbyaddr=yes
ac_cv_lib_pnm_pnm_readpaminit=no
ac_cv_lib_pthreadGC2_pthread_attr_init=no
ac_cv_lib_pthread_pthread_attr_init=yes
ac_cv_lib_socket_socket=no
ac_cv_lib_tiff_TIFFOpen=yes
ac_cv_objext=o
ac_cv_path_EGREP='/bin/grep -E'
ac_cv_path_GMSGFMT=/usr/bin/msgfmt
ac_cv_path_GREP=/bin/grep
ac_cv_path_MSGFMT=/usr/bin/msgfmt
ac_cv_path_MSGMERGE=/usr/bin/msgmerge
ac_cv_path_XGETTEXT=/usr/bin/xgettext
ac_cv_path_ac_pt_PKG_CONFIG=/usr/bin/pkg-config
ac_cv_path_install='/usr/bin/install -c'
ac_cv_path_mkdir=/bin/mkdir
ac_cv_prog_AWK=mawk
ac_cv_prog_CPP='gcc -E'
ac_cv_prog_CXXCPP='g++ -E'
ac_cv_prog_ac_ct_AR=ar
ac_cv_prog_ac_ct_CC=gcc
ac_cv_prog_ac_ct_CXX=g++
ac_cv_prog_ac_ct_RANLIB=ranlib
ac_cv_prog_ac_ct_STRIP=strip
ac_cv_prog_cc_c89=
ac_cv_prog_cc_g=yes
ac_cv_prog_cxx_g=yes
ac_cv_prog_f77_g=no
ac_cv_prog_make_make_set=yes
ac_cv_type__Bool=yes
ac_cv_type_size_t=yes
acl_cv_hardcode_direct=no
acl_cv_hardcode_libdir_flag_spec='${wl}-rpath ${wl}$libdir'
acl_cv_hardcode_libdir_separator=
acl_cv_hardcode_minus_L=no
acl_cv_libext=a
acl_cv_libname_spec='lib$name'
acl_cv_library_names_spec='$libname$shrext'
acl_cv_path_LD=/usr/bin/ld
acl_cv_prog_gnu_ld=yes
acl_cv_rpath=done
acl_cv_shlibext=so
acl_cv_wl=-Wl,
am_cv_CC_dependencies_compiler_type=gcc3
am_cv_CXX_dependencies_compiler_type=gcc3
gt_cv_func_CFLocaleCopyCurrent=no
gt_cv_func_CFPreferencesCopyAppValue=no
gt_cv_func_gnugettext1_libc=yes
lt_cv_deplibs_check_method=pass_all
lt_cv_file_magic_cmd='$MAGIC_CMD'
lt_cv_file_magic_test_file=
lt_cv_ld_reload_flag=-r
lt_cv_objdir=.libs
lt_cv_path_LD=/usr/bin/ld
lt_cv_path_LDCXX='/usr/bin/ld -m elf_x86_64'
lt_cv_path_NM='/usr/bin/nm -B'
lt_cv_path_SED=/bin/sed
lt_cv_prog_compiler_c_o=yes
lt_cv_prog_compiler_c_o_CXX=yes
lt_cv_prog_compiler_pic_works=yes
lt_cv_prog_compiler_pic_works_CXX=yes
lt_cv_prog_compiler_rtti_exceptions=no
lt_cv_prog_compiler_static_works=yes
lt_cv_prog_compiler_static_works_CXX=yes
lt_cv_prog_gnu_ld=yes
lt_cv_prog_gnu_ldcxx=yes
lt_cv_sys_global_symbol_pipe='sed -n -e '\''s/^.*[ 	]\([ABCDGIRSTW][ABCDGIRSTW]*\)[ 	][ 	]*\([_A-Za-z][_A-Za-z0-9]*\)$/\1 \2 \2/p'\'''
lt_cv_sys_global_symbol_to_c_name_address='sed -n -e '\''s/^: \([^ ]*\) $/  {\"\1\", (lt_ptr) 0},/p'\'' -e '\''s/^[BCDEGRST] \([^ ]*\) \([^ ]*\)$/  {"\2", (lt_ptr) \&\2},/p'\'''
lt_cv_sys_global_symbol_to_cdecl='sed -n -e '\''s/^. .* \(.*\)$/extern int \1;/p'\'''
lt_cv_sys_lib_dlsearch_path_spec='/lib /usr/lib /usr/local/lib /lib/x86_64-linux-gnu /usr/lib/x86_64-linux-gnu '
lt_cv_sys_lib_search_path_spec='/usr/lib/gcc/x86_64-linux-gnu/4.2.3 /usr/lib /lib'
lt_cv_sys_max_cmd_len=98304
lt_lt_cv_prog_compiler_c_o='"yes"'
lt_lt_cv_prog_compiler_c_o_CXX='"yes"'
lt_lt_cv_sys_global_symbol_pipe='"sed -n -e '\''s/^.*[ 	]\\([ABCDGIRSTW][ABCDGIRSTW]*\\)[ 	][ 	]*\\([_A-Za-z][_A-Za-z0-9]*\\)\$/\\1 \\2 \\2/p'\''"'
lt_lt_cv_sys_global_symbol_to_c_name_address='"sed -n -e '\''s/^: \\([^ ]*\\) \$/  {\\\"\\1\\\", (lt_ptr) 0},/p'\'' -e '\''s/^[BCDEGRST] \\([^ ]*\\) \\([^ ]*\\)\$/  {\"\\2\", (lt_ptr) \\&\\2},/p'\''"'
lt_lt_cv_sys_global_symbol_to_cdecl='"sed -n -e '\''s/^. .* \\(.*\\)\$/extern int \\1;/p'\''"'
pkg_cv_GDKPIXBUF2_CFLAGS='-I/usr/include/gtk-2.0 -I/usr/include/glib-2.0 -I/usr/lib/glib-2.0/include  '
pkg_cv_GDKPIXBUF2_LIBS='-lgdk_pixbuf-2.0 -lm -lgobject-2.0 -lgmodule-2.0 -ldl -lglib-2.0  '
pkg_cv_GLIB2_CFLAGS='-I/usr/include/glib-2.0 -I/usr/lib/glib-2.0/include  '
pkg_cv_GLIB2_LIBS='-lglib-2.0  '
pkg_cv_GP_CFLAGS='-I/usr/local/include  '
pkg_cv_GP_LIBS='-L/usr/local/lib -lgutenprint  '
pkg_cv_GTHREAD_CFLAGS='-pthread -I/usr/include/glib-2.0 -I/usr/lib/glib-2.0/include  '
pkg_cv_GTHREAD_LIBS='-pthread -lgthread-2.0 -lrt -lglib-2.0  '
pkg_cv_GTK2_CFLAGS='-DPNG_NO_MMX_CODE -I/usr/include/gtk-2.0 -I/usr/lib/gtk-2.0/include -I/usr/include/atk-1.0 -I/usr/include/cairo -I/usr/include/pango-1.0 -I/usr/include/glib-2.0 -I/usr/lib/glib-2.0/include -I/usr/include/freetype2 -I/usr/include/libpng12 -I/usr/include/pixman-1  '
pkg_cv_GTK2_LIBS='-lgtk-x11-2.0 -lgdk-x11-2.0 -latk-1.0 -lgdk_pixbuf-2.0 -lm -lpangocairo-1.0 -lpango-1.0 -lcairo -lgobject-2.0 -lgmodule-2.0 -ldl -lglib-2.0  '
pkg_cv_LCMS_CFLAGS=' '
pkg_cv_LCMS_LIBS='-llcms  '

## ----------------- ##
## Output variables. ##
## ----------------- ##

ACLOCAL='${SHELL} /home/amr/coding/photoprint/scripts/missing --run aclocal-1.10'
AMDEPBACKSLASH='\'
AMDEP_FALSE='#'
AMDEP_TRUE=''
AMTAR='${SHELL} /home/amr/coding/photoprint/scripts/missing --run tar'
AR='ar'
AUTOCONF='${SHELL} /home/amr/coding/photoprint/scripts/missing --run autoconf'
AUTOHEADER='${SHELL} /home/amr/coding/photoprint/scripts/missing --run autoheader'
AUTOMAKE='${SHELL} /home/amr/coding/photoprint/scripts/missing --run automake-1.10'
AWK='mawk'
CC='gcc'
CCDEPMODE='depmode=gcc3'
CFLAGS='-g -O2'
CPP='gcc -E'
CPPFLAGS=''
CXX='g++'
CXXCPP='g++ -E'
CXXDEPMODE='depmode=gcc3'
CXXFLAGS='-g -O2'
CYGPATH_W='echo'
DEFS='-DHAVE_CONFIG_H'
DEPDIR='.deps'
DSYMUTIL=''
ECHO='echo'
ECHO_C=''
ECHO_N='-n'
ECHO_T=''
EGREP='/bin/grep -E'
EXEEXT=''
F77=''
FFLAGS=''
GDKPIXBUF2_CFLAGS='-I/usr/include/gtk-2.0 -I/usr/include/glib-2.0 -I/usr/lib/glib-2.0/include  '
GDKPIXBUF2_LIBS='-lgdk_pixbuf-2.0 -lm -lgobject-2.0 -lgmodule-2.0 -ldl -lglib-2.0  '
GETOPT_LIBS=''
GETTEXT_MACRO_VERSION='0.17'
GLIB2_CFLAGS='-I/usr/include/glib-2.0 -I/usr/lib/glib-2.0/include  '
GLIB2_LIBS='-lglib-2.0  '
GMSGFMT='/usr/bin/msgfmt'
GMSGFMT_015='/usr/bin/msgfmt'
GP_CFLAGS='-I/usr/local/include  '
GP_LIBS='-L/usr/local/lib -lgutenprint  '
GREP='/bin/grep'
GTHREAD_CFLAGS='-pthread -I/usr/include/glib-2.0 -I/usr/lib/glib-2.0/include  '
GTHREAD_LIBS='-pthread -lgthread-2.0 -lrt -lglib-2.0  '
GTK2_CFLAGS='-DPNG_NO_MMX_CODE -I/usr/include/gtk-2.0 -I/usr/lib/gtk-2.0/include -I/usr/include/atk-1.0 -I/usr/include/cairo -I/usr/include/pango-1.0 -I/usr/include/glib-2.0 -I/usr/lib/glib-2.0/include -I/usr/include/freetype2 -I/usr/include/libpng12 -I/usr/include/pixman-1  '
GTK2_LIBS='-lgtk-x11-2.0 -lgdk-x11-2.0 -latk-1.0 -lgdk_pixbuf-2.0 -lm -lpangocairo-1.0 -lpango-1.0 -lcairo -lgobject-2.0 -lgmodule-2.0 -ldl -lglib-2.0  '
HAVE_GTK_2_10=YES='=YES'
INSTALL_DATA='${INSTALL} -m 644'
INSTALL_PROGRAM='${INSTALL}'
INSTALL_SCRIPT='${INSTALL}'
INSTALL_STRIP_PROGRAM='$(install_sh) -c -s'
INTLLIBS=''
INTL_MACOSX_LIBS=''
JPEG_LIBS=''
LCMS_CFLAGS=' '
LCMS_LIBS='-llcms  '
LDFLAGS=''
LIBICONV='-liconv'
LIBINTL=''
LIBM_LIBS='-lm'
LIBOBJS=''
LIBS='-lcups -lnsl -lpthread -ljpeg '
LIBTOOL='$(SHELL) $(top_builddir)/libtool'
LN_S='ln -s'
LTLIBICONV='-liconv'
LTLIBINTL=''
LTLIBOBJS=''
MAKEINFO='${SHELL} /home/amr/coding/photoprint/scripts/missing --run makeinfo'
MSGFMT='/usr/bin/msgfmt'
MSGFMT_015='/usr/bin/msgfmt'
MSGMERGE='/usr/bin/msgmerge'
NMEDIT=''
OBJEXT='o'
PACKAGE='photoprint'
PACKAGE_BUGREPORT='blackfive@fakenhamweb.co.uk'
PACKAGE_NAME='photoprint'
PACKAGE_STRING='photoprint 0.4.0'
PACKAGE_TARNAME='photoprint'
PACKAGE_VERSION='0.4.0'
PATH_SEPARATOR=':'
PKG_CONFIG='/usr/bin/pkg-config'
POSUB='po'
RANLIB='ranlib'
SED='/bin/sed'
SET_MAKE=''
SHELL='/bin/bash'
STRIP='strip'
TIFF_LIBS='-ltiff'
USE_NLS='yes'
VERSION='0.4.0'
XGETTEXT='/usr/bin/xgettext'
XGETTEXT_015='/usr/bin/xgettext'
XGETTEXT_EXTRA_OPTIONS=''
ac_ct_CC='gcc'
ac_ct_CXX='g++'
ac_ct_F77=''
am__fastdepCC_FALSE='#'
am__fastdepCC_TRUE=''
am__fastdepCXX_FALSE='#'
am__fastdepCXX_TRUE=''
am__include='include'
am__isrc=''
am__leading_dot='.'
am__quote=''
am__tar='${AMTAR} chof - "$$tardir"'
am__untar='${AMTAR} xf -'
bindir='${exec_prefix}/bin'
build='x86_64-unknown-linux-gnu'
build_alias=''
build_cpu='x86_64'
build_os='linux-gnu'
build_vendor='unknown'
datadir='${datarootdir}'
datarootdir='${prefix}/share'
docdir='${datarootdir}/doc/${PACKAGE_TARNAME}'
dvidir='${docdir}'
exec_prefix='${prefix}'
host='x86_64-unknown-linux-gnu'
host_alias=''
host_cpu='x86_64'
host_os='linux-gnu'
host_vendor='unknown'
htmldir='${docdir}'
includedir='${prefix}/include'
infodir='${datarootdir}/info'
install_sh='$(SHELL) /home/amr/coding/photoprint/scripts/install-sh'
libdir='${exec_prefix}/lib'
libexecdir='${exec_prefix}/libexec'
localedir='${datarootdir}/locale'
localstatedir='${prefix}/var'
mandir='${datarootdir}/man'
mkdir_p='/bin/mkdir -p'
oldincludedir='/usr/include'
pdfdir='${docdir}'
prefix='/usr/local'
program_transform_name='s,x,x,'
psdir='${docdir}'
sbindir='${exec_prefix}/sbin'
sharedstatedir='${prefix}/com'
sysconfdir='${prefix}/etc'
target_alias=''

## ----------- ##
## confdefs.h. ##
## ----------- ##

#define PACKAGE_NAME "photoprint"
#define PACKAGE_TARNAME "photoprint"
#define PACKAGE_VERSION "0.4.0"
#define PACKAGE_STRING "photoprint 0.4.0"
#define PACKAGE_BUGREPORT "blackfive@fakenhamweb.co.uk"
#define PACKAGE "photoprint"
#define VERSION "0.4.0"
#define ENABLE_NLS 1
#define HAVE_GETTEXT 1
#define HAVE_DCGETTEXT 1
#define STDC_HEADERS 1
#define HAVE_SYS_TYPES_H 1
#define HAVE_SYS_STAT_H 1
#define HAVE_STDLIB_H 1
#define HAVE_STRING_H 1
#define HAVE_MEMORY_H 1
#define HAVE_STRINGS_H 1
#define HAVE_INTTYPES_H 1
#define HAVE_STDINT_H 1
#define HAVE_UNISTD_H 1
#define HAVE_DLFCN_H 1
#define HAVE_LIBJPEG 1
#define HAVE_LIBPTHREAD 1
#define HAVE_LIBCUPS 1
#define STDC_HEADERS 1
#define HAVE_FCNTL_H 1
#define HAVE_STDLIB_H 1
#define HAVE_STRING_H 1
#define HAVE_UNISTD_H 1
#define HAVE__BOOL 1
#define HAVE_STDBOOL_H 1
#define HAVE_STDLIB_H 1
#define HAVE_MALLOC 1
#define LSTAT_FOLLOWS_SLASHED_SYMLINK 1
#define HAVE_MEMSET 1
#define HAVE_MKDIR 1
#define HAVE_STRCASECMP 1
#define HAVE_STRDUP 1
#define HAVE_STRNCASECMP 1

configure: exit 0

## ---------------------- ##
## Running config.status. ##
## ---------------------- ##

This file was extended by photoprint config.status 0.4.0, which was
generated by GNU Autoconf 2.61.  Invocation command line was

  CONFIG_FILES    = 
  CONFIG_HEADERS  = 
  CONFIG_LINKS    = 
  CONFIG_COMMANDS = 
  $ ./config.status config.h

on amr-desktop

config.status:716: creating config.h
config.status:964: config.h is unchanged
